Determining if the function reallocarray exists failed with the following output:
Change Dir: /home/mininet/TCPSocket_iii/extern/libressl/build/CMakeFiles/CMakeTmp

Run Build Command(s):/usr/bin/make cmTC_fa23b/fast && /usr/bin/make  -f CMakeFiles/cmTC_fa23b.dir/build.make CMakeFiles/cmTC_fa23b.dir/build
make[1]: Entering directory `/home/mininet/TCPSocket_iii/extern/libressl/build/CMakeFiles/CMakeTmp'
Building C object CMakeFiles/cmTC_fa23b.dir/CheckFunctionExists.c.o
/usr/bin/cc   -O2 -Wall -DCHECK_FUNCTION_EXISTS=reallocarray -fPIE   -o CMakeFiles/cmTC_fa23b.dir/CheckFunctionExists.c.o   -c /home/mininet/TCPSocket_iii/extern/cmake/share/cmake-3.17/Modules/CheckFunctionExists.c
Linking C executable cmTC_fa23b
/home/mininet/TCPSocket_iii/extern/cmake/bin/cmake -E cmake_link_script CMakeFiles/cmTC_fa23b.dir/link.txt --verbose=1
/usr/bin/cc  -O2 -Wall -DCHECK_FUNCTION_EXISTS=reallocarray    -rdynamic CMakeFiles/cmTC_fa23b.dir/CheckFunctionExists.c.o  -o cmTC_fa23b 
CMakeFiles/cmTC_fa23b.dir/CheckFunctionExists.c.o: In function `main':
CheckFunctionExists.c:(.text.startup+0xc): undefined reference to `reallocarray'
collect2: error: ld returned 1 exit status
make[1]: *** [cmTC_fa23b] Error 1
make[1]: Leaving directory `/home/mininet/TCPSocket_iii/extern/libressl/build/CMakeFiles/CMakeTmp'
make: *** [cmTC_fa23b/fast] Error 2



Determining if the function strlcat exists failed with the following output:
Change Dir: /home/mininet/TCPSocket_iii/extern/libressl/build/CMakeFiles/CMakeTmp

Run Build Command(s):/usr/bin/make cmTC_da7d9/fast && /usr/bin/make  -f CMakeFiles/cmTC_da7d9.dir/build.make CMakeFiles/cmTC_da7d9.dir/build
make[1]: Entering directory `/home/mininet/TCPSocket_iii/extern/libressl/build/CMakeFiles/CMakeTmp'
Building C object CMakeFiles/cmTC_da7d9.dir/CheckFunctionExists.c.o
/usr/bin/cc   -O2 -Wall -DCHECK_FUNCTION_EXISTS=strlcat -fPIE   -o CMakeFiles/cmTC_da7d9.dir/CheckFunctionExists.c.o   -c /home/mininet/TCPSocket_iii/extern/cmake/share/cmake-3.17/Modules/CheckFunctionExists.c
Linking C executable cmTC_da7d9
/home/mininet/TCPSocket_iii/extern/cmake/bin/cmake -E cmake_link_script CMakeFiles/cmTC_da7d9.dir/link.txt --verbose=1
/usr/bin/cc  -O2 -Wall -DCHECK_FUNCTION_EXISTS=strlcat    -rdynamic CMakeFiles/cmTC_da7d9.dir/CheckFunctionExists.c.o  -o cmTC_da7d9 
CMakeFiles/cmTC_da7d9.dir/CheckFunctionExists.c.o: In function `main':
CheckFunctionExists.c:(.text.startup+0xc): undefined reference to `strlcat'
collect2: error: ld returned 1 exit status
make[1]: *** [cmTC_da7d9] Error 1
make[1]: Leaving directory `/home/mininet/TCPSocket_iii/extern/libressl/build/CMakeFiles/CMakeTmp'
make: *** [cmTC_da7d9/fast] Error 2



Determining if the function strlcpy exists failed with the following output:
Change Dir: /home/mininet/TCPSocket_iii/extern/libressl/build/CMakeFiles/CMakeTmp

Run Build Command(s):/usr/bin/make cmTC_a1362/fast && /usr/bin/make  -f CMakeFiles/cmTC_a1362.dir/build.make CMakeFiles/cmTC_a1362.dir/build
make[1]: Entering directory `/home/mininet/TCPSocket_iii/extern/libressl/build/CMakeFiles/CMakeTmp'
Building C object CMakeFiles/cmTC_a1362.dir/CheckFunctionExists.c.o
/usr/bin/cc   -O2 -Wall -DCHECK_FUNCTION_EXISTS=strlcpy -fPIE   -o CMakeFiles/cmTC_a1362.dir/CheckFunctionExists.c.o   -c /home/mininet/TCPSocket_iii/extern/cmake/share/cmake-3.17/Modules/CheckFunctionExists.c
Linking C executable cmTC_a1362
/home/mininet/TCPSocket_iii/extern/cmake/bin/cmake -E cmake_link_script CMakeFiles/cmTC_a1362.dir/link.txt --verbose=1
/usr/bin/cc  -O2 -Wall -DCHECK_FUNCTION_EXISTS=strlcpy    -rdynamic CMakeFiles/cmTC_a1362.dir/CheckFunctionExists.c.o  -o cmTC_a1362 
CMakeFiles/cmTC_a1362.dir/CheckFunctionExists.c.o: In function `main':
CheckFunctionExists.c:(.text.startup+0xc): undefined reference to `strlcpy'
collect2: error: ld returned 1 exit status
make[1]: *** [cmTC_a1362] Error 1
make[1]: Leaving directory `/home/mininet/TCPSocket_iii/extern/libressl/build/CMakeFiles/CMakeTmp'
make: *** [cmTC_a1362/fast] Error 2



Determining if the function arc4random_buf exists failed with the following output:
Change Dir: /home/mininet/TCPSocket_iii/extern/libressl/build/CMakeFiles/CMakeTmp

Run Build Command(s):/usr/bin/make cmTC_07c9c/fast && /usr/bin/make  -f CMakeFiles/cmTC_07c9c.dir/build.make CMakeFiles/cmTC_07c9c.dir/build
make[1]: Entering directory `/home/mininet/TCPSocket_iii/extern/libressl/build/CMakeFiles/CMakeTmp'
Building C object CMakeFiles/cmTC_07c9c.dir/CheckFunctionExists.c.o
/usr/bin/cc   -O2 -Wall -DCHECK_FUNCTION_EXISTS=arc4random_buf -fPIE   -o CMakeFiles/cmTC_07c9c.dir/CheckFunctionExists.c.o   -c /home/mininet/TCPSocket_iii/extern/cmake/share/cmake-3.17/Modules/CheckFunctionExists.c
Linking C executable cmTC_07c9c
/home/mininet/TCPSocket_iii/extern/cmake/bin/cmake -E cmake_link_script CMakeFiles/cmTC_07c9c.dir/link.txt --verbose=1
/usr/bin/cc  -O2 -Wall -DCHECK_FUNCTION_EXISTS=arc4random_buf    -rdynamic CMakeFiles/cmTC_07c9c.dir/CheckFunctionExists.c.o  -o cmTC_07c9c 
CMakeFiles/cmTC_07c9c.dir/CheckFunctionExists.c.o: In function `main':
CheckFunctionExists.c:(.text.startup+0xc): undefined reference to `arc4random_buf'
collect2: error: ld returned 1 exit status
make[1]: *** [cmTC_07c9c] Error 1
make[1]: Leaving directory `/home/mininet/TCPSocket_iii/extern/libressl/build/CMakeFiles/CMakeTmp'
make: *** [cmTC_07c9c/fast] Error 2



Determining if the function arc4random_uniform exists failed with the following output:
Change Dir: /home/mininet/TCPSocket_iii/extern/libressl/build/CMakeFiles/CMakeTmp

Run Build Command(s):/usr/bin/make cmTC_a487f/fast && /usr/bin/make  -f CMakeFiles/cmTC_a487f.dir/build.make CMakeFiles/cmTC_a487f.dir/build
make[1]: Entering directory `/home/mininet/TCPSocket_iii/extern/libressl/build/CMakeFiles/CMakeTmp'
Building C object CMakeFiles/cmTC_a487f.dir/CheckFunctionExists.c.o
/usr/bin/cc   -O2 -Wall -DCHECK_FUNCTION_EXISTS=arc4random_uniform -fPIE   -o CMakeFiles/cmTC_a487f.dir/CheckFunctionExists.c.o   -c /home/mininet/TCPSocket_iii/extern/cmake/share/cmake-3.17/Modules/CheckFunctionExists.c
Linking C executable cmTC_a487f
/home/mininet/TCPSocket_iii/extern/cmake/bin/cmake -E cmake_link_script CMakeFiles/cmTC_a487f.dir/link.txt --verbose=1
/usr/bin/cc  -O2 -Wall -DCHECK_FUNCTION_EXISTS=arc4random_uniform    -rdynamic CMakeFiles/cmTC_a487f.dir/CheckFunctionExists.c.o  -o cmTC_a487f 
CMakeFiles/cmTC_a487f.dir/CheckFunctionExists.c.o: In function `main':
CheckFunctionExists.c:(.text.startup+0xc): undefined reference to `arc4random_uniform'
collect2: error: ld returned 1 exit status
make[1]: *** [cmTC_a487f] Error 1
make[1]: Leaving directory `/home/mininet/TCPSocket_iii/extern/libressl/build/CMakeFiles/CMakeTmp'
make: *** [cmTC_a487f/fast] Error 2



Determining if the function explicit_bzero exists failed with the following output:
Change Dir: /home/mininet/TCPSocket_iii/extern/libressl/build/CMakeFiles/CMakeTmp

Run Build Command(s):/usr/bin/make cmTC_fce8a/fast && /usr/bin/make  -f CMakeFiles/cmTC_fce8a.dir/build.make CMakeFiles/cmTC_fce8a.dir/build
make[1]: Entering directory `/home/mininet/TCPSocket_iii/extern/libressl/build/CMakeFiles/CMakeTmp'
Building C object CMakeFiles/cmTC_fce8a.dir/CheckFunctionExists.c.o
/usr/bin/cc   -O2 -Wall -DCHECK_FUNCTION_EXISTS=explicit_bzero -fPIE   -o CMakeFiles/cmTC_fce8a.dir/CheckFunctionExists.c.o   -c /home/mininet/TCPSocket_iii/extern/cmake/share/cmake-3.17/Modules/CheckFunctionExists.c
Linking C executable cmTC_fce8a
/home/mininet/TCPSocket_iii/extern/cmake/bin/cmake -E cmake_link_script CMakeFiles/cmTC_fce8a.dir/link.txt --verbose=1
/usr/bin/cc  -O2 -Wall -DCHECK_FUNCTION_EXISTS=explicit_bzero    -rdynamic CMakeFiles/cmTC_fce8a.dir/CheckFunctionExists.c.o  -o cmTC_fce8a 
CMakeFiles/cmTC_fce8a.dir/CheckFunctionExists.c.o: In function `main':
CheckFunctionExists.c:(.text.startup+0xc): undefined reference to `explicit_bzero'
collect2: error: ld returned 1 exit status
make[1]: *** [cmTC_fce8a] Error 1
make[1]: Leaving directory `/home/mininet/TCPSocket_iii/extern/libressl/build/CMakeFiles/CMakeTmp'
make: *** [cmTC_fce8a/fast] Error 2



Determining if the function getentropy exists failed with the following output:
Change Dir: /home/mininet/TCPSocket_iii/extern/libressl/build/CMakeFiles/CMakeTmp

Run Build Command(s):/usr/bin/make cmTC_ae816/fast && /usr/bin/make  -f CMakeFiles/cmTC_ae816.dir/build.make CMakeFiles/cmTC_ae816.dir/build
make[1]: Entering directory `/home/mininet/TCPSocket_iii/extern/libressl/build/CMakeFiles/CMakeTmp'
Building C object CMakeFiles/cmTC_ae816.dir/CheckFunctionExists.c.o
/usr/bin/cc   -O2 -Wall -DCHECK_FUNCTION_EXISTS=getentropy -fPIE   -o CMakeFiles/cmTC_ae816.dir/CheckFunctionExists.c.o   -c /home/mininet/TCPSocket_iii/extern/cmake/share/cmake-3.17/Modules/CheckFunctionExists.c
Linking C executable cmTC_ae816
/home/mininet/TCPSocket_iii/extern/cmake/bin/cmake -E cmake_link_script CMakeFiles/cmTC_ae816.dir/link.txt --verbose=1
/usr/bin/cc  -O2 -Wall -DCHECK_FUNCTION_EXISTS=getentropy    -rdynamic CMakeFiles/cmTC_ae816.dir/CheckFunctionExists.c.o  -o cmTC_ae816 
CMakeFiles/cmTC_ae816.dir/CheckFunctionExists.c.o: In function `main':
CheckFunctionExists.c:(.text.startup+0xc): undefined reference to `getentropy'
collect2: error: ld returned 1 exit status
make[1]: *** [cmTC_ae816] Error 1
make[1]: Leaving directory `/home/mininet/TCPSocket_iii/extern/libressl/build/CMakeFiles/CMakeTmp'
make: *** [cmTC_ae816/fast] Error 2



Determining if the function getprogname exists failed with the following output:
Change Dir: /home/mininet/TCPSocket_iii/extern/libressl/build/CMakeFiles/CMakeTmp

Run Build Command(s):/usr/bin/make cmTC_3e13f/fast && /usr/bin/make  -f CMakeFiles/cmTC_3e13f.dir/build.make CMakeFiles/cmTC_3e13f.dir/build
make[1]: Entering directory `/home/mininet/TCPSocket_iii/extern/libressl/build/CMakeFiles/CMakeTmp'
Building C object CMakeFiles/cmTC_3e13f.dir/CheckFunctionExists.c.o
/usr/bin/cc   -O2 -Wall -DCHECK_FUNCTION_EXISTS=getprogname -fPIE   -o CMakeFiles/cmTC_3e13f.dir/CheckFunctionExists.c.o   -c /home/mininet/TCPSocket_iii/extern/cmake/share/cmake-3.17/Modules/CheckFunctionExists.c
Linking C executable cmTC_3e13f
/home/mininet/TCPSocket_iii/extern/cmake/bin/cmake -E cmake_link_script CMakeFiles/cmTC_3e13f.dir/link.txt --verbose=1
/usr/bin/cc  -O2 -Wall -DCHECK_FUNCTION_EXISTS=getprogname    -rdynamic CMakeFiles/cmTC_3e13f.dir/CheckFunctionExists.c.o  -o cmTC_3e13f 
CMakeFiles/cmTC_3e13f.dir/CheckFunctionExists.c.o: In function `main':
CheckFunctionExists.c:(.text.startup+0xc): undefined reference to `getprogname'
collect2: error: ld returned 1 exit status
make[1]: *** [cmTC_3e13f] Error 1
make[1]: Leaving directory `/home/mininet/TCPSocket_iii/extern/libressl/build/CMakeFiles/CMakeTmp'
make: *** [cmTC_3e13f/fast] Error 2



Determining if the function syslog_r exists failed with the following output:
Change Dir: /home/mininet/TCPSocket_iii/extern/libressl/build/CMakeFiles/CMakeTmp

Run Build Command(s):/usr/bin/make cmTC_48c8b/fast && /usr/bin/make  -f CMakeFiles/cmTC_48c8b.dir/build.make CMakeFiles/cmTC_48c8b.dir/build
make[1]: Entering directory `/home/mininet/TCPSocket_iii/extern/libressl/build/CMakeFiles/CMakeTmp'
Building C object CMakeFiles/cmTC_48c8b.dir/CheckFunctionExists.c.o
/usr/bin/cc   -O2 -Wall -DCHECK_FUNCTION_EXISTS=syslog_r -fPIE   -o CMakeFiles/cmTC_48c8b.dir/CheckFunctionExists.c.o   -c /home/mininet/TCPSocket_iii/extern/cmake/share/cmake-3.17/Modules/CheckFunctionExists.c
Linking C executable cmTC_48c8b
/home/mininet/TCPSocket_iii/extern/cmake/bin/cmake -E cmake_link_script CMakeFiles/cmTC_48c8b.dir/link.txt --verbose=1
/usr/bin/cc  -O2 -Wall -DCHECK_FUNCTION_EXISTS=syslog_r    -rdynamic CMakeFiles/cmTC_48c8b.dir/CheckFunctionExists.c.o  -o cmTC_48c8b 
CMakeFiles/cmTC_48c8b.dir/CheckFunctionExists.c.o: In function `main':
CheckFunctionExists.c:(.text.startup+0xc): undefined reference to `syslog_r'
collect2: error: ld returned 1 exit status
make[1]: *** [cmTC_48c8b] Error 1
make[1]: Leaving directory `/home/mininet/TCPSocket_iii/extern/libressl/build/CMakeFiles/CMakeTmp'
make: *** [cmTC_48c8b/fast] Error 2



Determining if the timespecsub exist failed with the following output:
Change Dir: /home/mininet/TCPSocket_iii/extern/libressl/build/CMakeFiles/CMakeTmp

Run Build Command(s):/usr/bin/make cmTC_3366e/fast && /usr/bin/make  -f CMakeFiles/cmTC_3366e.dir/build.make CMakeFiles/cmTC_3366e.dir/build
make[1]: Entering directory `/home/mininet/TCPSocket_iii/extern/libressl/build/CMakeFiles/CMakeTmp'
Building C object CMakeFiles/cmTC_3366e.dir/CheckSymbolExists.c.o
/usr/bin/cc   -O2 -Wall  -fPIE   -o CMakeFiles/cmTC_3366e.dir/CheckSymbolExists.c.o   -c /home/mininet/TCPSocket_iii/extern/libressl/build/CMakeFiles/CMakeTmp/CheckSymbolExists.c
/home/mininet/TCPSocket_iii/extern/libressl/build/CMakeFiles/CMakeTmp/CheckSymbolExists.c: In function ‘main’:
/home/mininet/TCPSocket_iii/extern/libressl/build/CMakeFiles/CMakeTmp/CheckSymbolExists.c:8:19: error: ‘timespecsub’ undeclared (first use in this function)
   return ((int*)(&timespecsub))[argc];
                   ^
/home/mininet/TCPSocket_iii/extern/libressl/build/CMakeFiles/CMakeTmp/CheckSymbolExists.c:8:19: note: each undeclared identifier is reported only once for each function it appears in
/home/mininet/TCPSocket_iii/extern/libressl/build/CMakeFiles/CMakeTmp/CheckSymbolExists.c:13:1: warning: control reaches end of non-void function [-Wreturn-type]
 }
 ^
make[1]: *** [CMakeFiles/cmTC_3366e.dir/CheckSymbolExists.c.o] Error 1
make[1]: Leaving directory `/home/mininet/TCPSocket_iii/extern/libressl/build/CMakeFiles/CMakeTmp'
make: *** [cmTC_3366e/fast] Error 2


File /home/mininet/TCPSocket_iii/extern/libressl/build/CMakeFiles/CMakeTmp/CheckSymbolExists.c:
/* */
#include <sys/time.h>

int main(int argc, char** argv)
{
  (void)argv;
#ifndef timespecsub
  return ((int*)(&timespecsub))[argc];
#else
  (void)argc;
  return 0;
#endif
}
Determining if the function timingsafe_bcmp exists failed with the following output:
Change Dir: /home/mininet/TCPSocket_iii/extern/libressl/build/CMakeFiles/CMakeTmp

Run Build Command(s):/usr/bin/make cmTC_9feca/fast && /usr/bin/make  -f CMakeFiles/cmTC_9feca.dir/build.make CMakeFiles/cmTC_9feca.dir/build
make[1]: Entering directory `/home/mininet/TCPSocket_iii/extern/libressl/build/CMakeFiles/CMakeTmp'
Building C object CMakeFiles/cmTC_9feca.dir/CheckFunctionExists.c.o
/usr/bin/cc   -O2 -Wall -DCHECK_FUNCTION_EXISTS=timingsafe_bcmp -fPIE   -o CMakeFiles/cmTC_9feca.dir/CheckFunctionExists.c.o   -c /home/mininet/TCPSocket_iii/extern/cmake/share/cmake-3.17/Modules/CheckFunctionExists.c
Linking C executable cmTC_9feca
/home/mininet/TCPSocket_iii/extern/cmake/bin/cmake -E cmake_link_script CMakeFiles/cmTC_9feca.dir/link.txt --verbose=1
/usr/bin/cc  -O2 -Wall -DCHECK_FUNCTION_EXISTS=timingsafe_bcmp    -rdynamic CMakeFiles/cmTC_9feca.dir/CheckFunctionExists.c.o  -o cmTC_9feca 
CMakeFiles/cmTC_9feca.dir/CheckFunctionExists.c.o: In function `main':
CheckFunctionExists.c:(.text.startup+0xc): undefined reference to `timingsafe_bcmp'
collect2: error: ld returned 1 exit status
make[1]: *** [cmTC_9feca] Error 1
make[1]: Leaving directory `/home/mininet/TCPSocket_iii/extern/libressl/build/CMakeFiles/CMakeTmp'
make: *** [cmTC_9feca/fast] Error 2



Determining if the function timingsafe_memcmp exists failed with the following output:
Change Dir: /home/mininet/TCPSocket_iii/extern/libressl/build/CMakeFiles/CMakeTmp

Run Build Command(s):/usr/bin/make cmTC_9de5d/fast && /usr/bin/make  -f CMakeFiles/cmTC_9de5d.dir/build.make CMakeFiles/cmTC_9de5d.dir/build
make[1]: Entering directory `/home/mininet/TCPSocket_iii/extern/libressl/build/CMakeFiles/CMakeTmp'
Building C object CMakeFiles/cmTC_9de5d.dir/CheckFunctionExists.c.o
/usr/bin/cc   -O2 -Wall -DCHECK_FUNCTION_EXISTS=timingsafe_memcmp -fPIE   -o CMakeFiles/cmTC_9de5d.dir/CheckFunctionExists.c.o   -c /home/mininet/TCPSocket_iii/extern/cmake/share/cmake-3.17/Modules/CheckFunctionExists.c
Linking C executable cmTC_9de5d
/home/mininet/TCPSocket_iii/extern/cmake/bin/cmake -E cmake_link_script CMakeFiles/cmTC_9de5d.dir/link.txt --verbose=1
/usr/bin/cc  -O2 -Wall -DCHECK_FUNCTION_EXISTS=timingsafe_memcmp    -rdynamic CMakeFiles/cmTC_9de5d.dir/CheckFunctionExists.c.o  -o cmTC_9de5d 
CMakeFiles/cmTC_9de5d.dir/CheckFunctionExists.c.o: In function `main':
CheckFunctionExists.c:(.text.startup+0xc): undefined reference to `timingsafe_memcmp'
collect2: error: ld returned 1 exit status
make[1]: *** [cmTC_9de5d] Error 1
make[1]: Leaving directory `/home/mininet/TCPSocket_iii/extern/libressl/build/CMakeFiles/CMakeTmp'
make: *** [cmTC_9de5d/fast] Error 2



Determining if the function strtonum exists failed with the following output:
Change Dir: /home/mininet/TCPSocket_iii/extern/libressl/build/CMakeFiles/CMakeTmp

Run Build Command(s):/usr/bin/make cmTC_c3ef2/fast && /usr/bin/make  -f CMakeFiles/cmTC_c3ef2.dir/build.make CMakeFiles/cmTC_c3ef2.dir/build
make[1]: Entering directory `/home/mininet/TCPSocket_iii/extern/libressl/build/CMakeFiles/CMakeTmp'
Building C object CMakeFiles/cmTC_c3ef2.dir/CheckFunctionExists.c.o
/usr/bin/cc   -O2 -Wall -DCHECK_FUNCTION_EXISTS=strtonum -fPIE   -o CMakeFiles/cmTC_c3ef2.dir/CheckFunctionExists.c.o   -c /home/mininet/TCPSocket_iii/extern/cmake/share/cmake-3.17/Modules/CheckFunctionExists.c
Linking C executable cmTC_c3ef2
/home/mininet/TCPSocket_iii/extern/cmake/bin/cmake -E cmake_link_script CMakeFiles/cmTC_c3ef2.dir/link.txt --verbose=1
/usr/bin/cc  -O2 -Wall -DCHECK_FUNCTION_EXISTS=strtonum    -rdynamic CMakeFiles/cmTC_c3ef2.dir/CheckFunctionExists.c.o  -o cmTC_c3ef2 
CMakeFiles/cmTC_c3ef2.dir/CheckFunctionExists.c.o: In function `main':
CheckFunctionExists.c:(.text.startup+0xc): undefined reference to `strtonum'
collect2: error: ld returned 1 exit status
make[1]: *** [cmTC_c3ef2] Error 1
make[1]: Leaving directory `/home/mininet/TCPSocket_iii/extern/libressl/build/CMakeFiles/CMakeTmp'
make: *** [cmTC_c3ef2/fast] Error 2



Determining if the function b64_ntop exists failed with the following output:
Change Dir: /home/mininet/TCPSocket_iii/extern/libressl/build/CMakeFiles/CMakeTmp

Run Build Command(s):/usr/bin/make cmTC_0d72b/fast && /usr/bin/make  -f CMakeFiles/cmTC_0d72b.dir/build.make CMakeFiles/cmTC_0d72b.dir/build
make[1]: Entering directory `/home/mininet/TCPSocket_iii/extern/libressl/build/CMakeFiles/CMakeTmp'
Building C object CMakeFiles/cmTC_0d72b.dir/CheckFunctionExists.c.o
/usr/bin/cc   -O2 -Wall -DCHECK_FUNCTION_EXISTS=b64_ntop -fPIE   -o CMakeFiles/cmTC_0d72b.dir/CheckFunctionExists.c.o   -c /home/mininet/TCPSocket_iii/extern/cmake/share/cmake-3.17/Modules/CheckFunctionExists.c
Linking C executable cmTC_0d72b
/home/mininet/TCPSocket_iii/extern/cmake/bin/cmake -E cmake_link_script CMakeFiles/cmTC_0d72b.dir/link.txt --verbose=1
/usr/bin/cc  -O2 -Wall -DCHECK_FUNCTION_EXISTS=b64_ntop    -rdynamic CMakeFiles/cmTC_0d72b.dir/CheckFunctionExists.c.o  -o cmTC_0d72b 
CMakeFiles/cmTC_0d72b.dir/CheckFunctionExists.c.o: In function `main':
CheckFunctionExists.c:(.text.startup+0xc): undefined reference to `b64_ntop'
collect2: error: ld returned 1 exit status
make[1]: *** [cmTC_0d72b] Error 1
make[1]: Leaving directory `/home/mininet/TCPSocket_iii/extern/libressl/build/CMakeFiles/CMakeTmp'
make: *** [cmTC_0d72b/fast] Error 2



Determining if the function readpassphrase exists failed with the following output:
Change Dir: /home/mininet/TCPSocket_iii/extern/libressl/build/CMakeFiles/CMakeTmp

Run Build Command(s):/usr/bin/make cmTC_52a80/fast && /usr/bin/make  -f CMakeFiles/cmTC_52a80.dir/build.make CMakeFiles/cmTC_52a80.dir/build
make[1]: Entering directory `/home/mininet/TCPSocket_iii/extern/libressl/build/CMakeFiles/CMakeTmp'
Building C object CMakeFiles/cmTC_52a80.dir/CheckFunctionExists.c.o
/usr/bin/cc   -O2 -Wall -DCHECK_FUNCTION_EXISTS=readpassphrase -fPIE   -o CMakeFiles/cmTC_52a80.dir/CheckFunctionExists.c.o   -c /home/mininet/TCPSocket_iii/extern/cmake/share/cmake-3.17/Modules/CheckFunctionExists.c
Linking C executable cmTC_52a80
/home/mininet/TCPSocket_iii/extern/cmake/bin/cmake -E cmake_link_script CMakeFiles/cmTC_52a80.dir/link.txt --verbose=1
/usr/bin/cc  -O2 -Wall -DCHECK_FUNCTION_EXISTS=readpassphrase    -rdynamic CMakeFiles/cmTC_52a80.dir/CheckFunctionExists.c.o  -o cmTC_52a80 
CMakeFiles/cmTC_52a80.dir/CheckFunctionExists.c.o: In function `main':
CheckFunctionExists.c:(.text.startup+0xc): undefined reference to `readpassphrase'
collect2: error: ld returned 1 exit status
make[1]: *** [cmTC_52a80] Error 1
make[1]: Leaving directory `/home/mininet/TCPSocket_iii/extern/libressl/build/CMakeFiles/CMakeTmp'
make: *** [cmTC_52a80/fast] Error 2



